#
# A fatal error has been detected by the Java Runtime Environment:
#
#  SIGSEGV (0xb) at pc=0x00007f5ef6e82b87, pid=789, tid=140045424142080
#
# JRE version: OpenJDK Runtime Environment (7.0_65-b32) (build 1.7.0_65-b32)
# Java VM: OpenJDK 64-Bit Server VM (24.65-b04 mixed mode linux-amd64 compressed oops)
# Derivative: IcedTea 2.5.3
# Distribution: Ubuntu 14.04 LTS, package 7u71-2.5.3-0ubuntu0.14.04.1
# Problematic frame:
# V  [libjvm.so+0x5e8b87]  java_lang_String::length(oopDesc*) [clone .part.108]+0x37
#
# Failed to write core dump. Core dumps have been disabled. To enable core dumping, try "ulimit -c unlimited" before starting Java again
#
# If you would like to submit a bug report, please include
# instructions on how to reproduce the bug and visit:
#   http://icedtea.classpath.org/bugzilla
#

---------------  T H R E A D  ---------------

Current thread (0x00007f5ef00c0800):  JavaThread "JDWP Transport Listener: dt_socket" daemon [_thread_in_vm, id=815, stack(0x00007f5eddb22000,0x00007f5eddc23000)]

siginfo:si_signo=SIGSEGV: si_errno=0, si_code=1 (SEGV_MAPERR), si_addr=0x000000000000000c

Registers:
RAX=0x0000000000000000, RBX=0x0000000000000001, RCX=0x00007f5ef7acc320, RDX=0x000000000000000c
RSP=0x00007f5eddc21a10, RBP=0x00007f5eddc21a10, RSI=0x00007f5eb00055c0, RDI=0x00000007d73f0f78
R8 =0x0000000000000001, R9 =0x00007f5eb0000078, R10=0x0000000000000000, R11=0x0000000000000206
R12=0x0000000000000000, R13=0x0000000000000000, R14=0x00007f5eddc21b80, R15=0x0000000000000000
RIP=0x00007f5ef6e82b87, EFLAGS=0x0000000000010246, CSGSFS=0x0000000000000033, ERR=0x0000000000000004
  TRAPNO=0x000000000000000e

Top of Stack: (sp=0x00007f5eddc21a10)
0x00007f5eddc21a10:   00007f5eddc21a40 00007f5ef6e83655
0x00007f5eddc21a20:   00007f5eddc21a60 00007f5ef00c0800
0x00007f5eddc21a30:   00007f5eb00055c0 00000007d73f0f78
0x00007f5eddc21a40:   00007f5eddc21ab0 00007f5ef6e93c82
0x00007f5eddc21a50:   00007f5ef00c09d8 00007f5ef5a32f00
0x00007f5eddc21a60:   00007f5ef00c0800 0000000000000000
0x00007f5eddc21a70:   00007f5ef00c09d8 00007f5eb00055c0
0x00007f5eddc21a80:   00007f5eddc21b50 00007f5ef00c09d8
0x00007f5eddc21a90:   00007f5ef5a32f00 00007f5eb00055c0
0x00007f5eddc21aa0:   00007f5eddc21b80 00007f5ef5a32f00
0x00007f5eddc21ab0:   00007f5eddc21af0 00007f5ef5801022
0x00007f5eddc21ac0:   00007f5eddc21b50 0000000000010a00
0x00007f5eddc21ad0:   00007f5eddc21b50 000000000000000a
0x00007f5eddc21ae0:   00007f5eddc21b80 00007f5ef5a32f00
0x00007f5eddc21af0:   00007f5eddc21d40 00007f5ef5809688
0x00007f5eddc21b00:   0000081d00000013 00007f5eb0010a00
0x00007f5eddc21b10:   00007f5ea8000f80 00007f5ef6e8d84c
0x00007f5eddc21b20:   00007f5ef00c2fc0 00007f5ea8000801
0x00007f5eddc21b30:   0000081d00000013 00007f5eb0010a00
0x00007f5eddc21b40:   00007f5ea8000f80 00007f5ef00b81f8
0x00007f5eddc21b50:   00007f5ea8000f88 000000000000000b
0x00007f5eddc21b60:   0000081d00000013 00007f5eb0010a00
0x00007f5eddc21b70:   00007f5ea8000f80 00007f5eb0004a50
0x00007f5eddc21b80:   00007f5eddc21bd0 000000000000012c
0x00007f5eddc21b90:   00007f5eddc21b98 00007f5e00000000
0x00007f5eddc21ba0:   00007f5eddc21bd0 0000000000000000
0x00007f5eddc21bb0:   00007f0000000000 0000081d00000013
0x00007f5eddc21bc0:   00007f5e00001c80 00007f5eddc21bd0
0x00007f5eddc21bd0:   6e69616d04000000 0000000000000000
0x00007f5eddc21be0:   7369687404000000 76616a4c12000000
0x00007f5eddc21bf0:   532f676e616c2f61 00003b676e697274
0x00007f5eddc21c00:   0000140000000000 0000000000000000 

Instructions: (pc=0x00007f5ef6e82b87)
0x00007f5ef6e82b67:   8b 14 07 31 c0 85 d2 74 12 89 d0 48 8d 15 87 68
0x00007f5ef6e82b77:   7d 00 8b 4a 08 48 d3 e0 48 03 02 ba 0c 00 00 00
0x00007f5ef6e82b87:   8b 04 10 5d c3 0f 1f 40 00 48 8b 04 07 ba 10 00
0x00007f5ef6e82b97:   00 00 5d 8b 04 10 c3 66 90 55 48 8d 46 10 48 89 

Register to memory mapping:

RAX=0x0000000000000000 is an unknown value
RBX=0x0000000000000001 is an unknown value
RCX=0x00007f5ef7acc320: <offset 0x219320> in /lib/x86_64-linux-gnu/libpthread.so.0 at 0x00007f5ef78b3000
RDX=0x000000000000000c is an unknown value
RSP=0x00007f5eddc21a10 is pointing into the stack for thread: 0x00007f5ef00c0800
RBP=0x00007f5eddc21a10 is pointing into the stack for thread: 0x00007f5ef00c0800
RSI=0x00007f5eb00055c0 is a global jni handle
RDI=0x00000007d73f0f78 is an oop
java.lang.String 
 - klass: 'java/lang/String'
R8 =0x0000000000000001 is an unknown value
R9 =0x00007f5eb0000078 is an unknown value
R10=0x0000000000000000 is an unknown value
R11=0x0000000000000206 is an unknown value
R12=0x0000000000000000 is an unknown value
R13=0x0000000000000000 is an unknown value
R14=0x00007f5eddc21b80 is pointing into the stack for thread: 0x00007f5ef00c0800
R15=0x0000000000000000 is an unknown value


Stack: [0x00007f5eddb22000,0x00007f5eddc23000],  sp=0x00007f5eddc21a10,  free space=1022k
Native frames: (J=compiled Java code, j=interpreted, Vv=VM code, C=native code)
V  [libjvm.so+0x5e8b87]  java_lang_String::length(oopDesc*) [clone .part.108]+0x37
V  [libjvm.so+0x5e9655]  java_lang_String::utf8_length(oopDesc*)+0x95
V  [libjvm.so+0x5f9c82]  jni_GetStringUTFChars+0x72
C  [libjdwp.so+0x9022]
C  [libjdwp.so+0x11688]
C  [libjdwp.so+0x23795]
V  [libjvm.so+0x6aa58b]  JvmtiAgentThread::start_function_wrapper(JavaThread*, Thread*)+0x9b
V  [libjvm.so+0x8ffba0]  JavaThread::thread_main_inner()+0xf0
V  [libjvm.so+0x8ffe11]  JavaThread::run()+0x221
V  [libjvm.so+0x7c4ac2]  java_start(Thread*)+0xf2


---------------  P R O C E S S  ---------------

Java Threads: ( => current thread )
  0x00007f5ef00cc000 JavaThread "Service Thread" daemon [_thread_blocked, id=825, stack(0x00007f5edd61d000,0x00007f5edd71e000)]
  0x00007f5ef00c9800 JavaThread "C2 CompilerThread1" daemon [_thread_blocked, id=824, stack(0x00007f5edd71e000,0x00007f5edd81f000)]
  0x00007f5ef00c6800 JavaThread "C2 CompilerThread0" daemon [_thread_blocked, id=823, stack(0x00007f5edd81f000,0x00007f5edd920000)]
  0x00007f5eb0001000 JavaThread "JDWP Command Reader" daemon [_thread_in_native, id=819, stack(0x00007f5edd920000,0x00007f5edda21000)]
  0x00007f5ef00c4800 JavaThread "JDWP Event Helper Thread" daemon [_thread_blocked, id=817, stack(0x00007f5edda21000,0x00007f5eddb22000)]
=>0x00007f5ef00c0800 JavaThread "JDWP Transport Listener: dt_socket" daemon [_thread_in_vm, id=815, stack(0x00007f5eddb22000,0x00007f5eddc23000)]
  0x00007f5ef00b4000 JavaThread "Signal Dispatcher" daemon [_thread_blocked, id=813, stack(0x00007f5edde28000,0x00007f5eddf29000)]
  0x00007f5ef0088000 JavaThread "Finalizer" daemon [_thread_blocked, id=812, stack(0x00007f5eddf29000,0x00007f5ede02a000)]
  0x00007f5ef0086000 JavaThread "Reference Handler" daemon [_thread_blocked, id=807, stack(0x00007f5ede02a000,0x00007f5ede12b000)]
  0x00007f5ef000d800 JavaThread "main" [_thread_blocked, id=795, stack(0x00007f5ef839f000,0x00007f5ef84a0000)]

Other Threads:
  0x00007f5ef0081800 VMThread [stack: 0x00007f5ede12b000,0x00007f5ede22c000] [id=806]
  0x00007f5ef00d6800 WatcherThread [stack: 0x00007f5edd51c000,0x00007f5edd61d000] [id=826]

VM state:not at safepoint (normal execution)

VM Mutex/Monitor currently owned by a thread: None

Heap
 PSYoungGen      total 36864K, used 2539K [0x00000007d7200000, 0x00000007d9b00000, 0x0000000800000000)
  eden space 31744K, 8% used [0x00000007d7200000,0x00000007d747af68,0x00000007d9100000)
  from space 5120K, 0% used [0x00000007d9600000,0x00000007d9600000,0x00000007d9b00000)
  to   space 5120K, 0% used [0x00000007d9100000,0x00000007d9100000,0x00000007d9600000)
 ParOldGen       total 83456K, used 0K [0x0000000785600000, 0x000000078a780000, 0x00000007d7200000)
  object space 83456K, 0% used [0x0000000785600000,0x0000000785600000,0x000000078a780000)
 PSPermGen       total 21504K, used 4307K [0x000000077b000000, 0x000000077c500000, 0x0000000785600000)
  object space 21504K, 20% used [0x000000077b000000,0x000000077b434ee0,0x000000077c500000)

Card table byte_map: [0x00007f5ef40a3000,0x00007f5ef44cc000] byte_map_base: 0x00007f5ef04cb000

Polling page: 0x00007f5ef84c8000

Code Cache  [0x00007f5eed000000, 0x00007f5eed270000, 0x00007f5ef0000000)
 total_blobs=217 nmethods=3 adapters=176 free_code_cache=48746Kb largest_free_block=49903104

Compilation events (6 events):
Event: 0.154 Thread 0x00007f5ef00c6800    1             java.lang.String::hashCode (55 bytes)
Event: 0.154 Thread 0x00007f5ef00c9800    2             java.lang.String::indexOf (70 bytes)
Event: 0.159 Thread 0x00007f5ef00c6800 nmethod 1 0x00007f5eed066850 code [0x00007f5eed0669a0, 0x00007f5eed066b38]
Event: 0.159 Thread 0x00007f5ef00c9800 nmethod 2 0x00007f5eed062d90 code [0x00007f5eed062ee0, 0x00007f5eed0630c8]
Event: 0.175 Thread 0x00007f5ef00c6800    3             sun.nio.cs.UTF_8$Encoder::encode (361 bytes)
Event: 0.185 Thread 0x00007f5ef00c6800 nmethod 3 0x00007f5eed0636d0 code [0x00007f5eed063860, 0x00007f5eed063f48]

GC Heap History (0 events):
No events

Deoptimization events (0 events):
No events

Internal exceptions (10 events):
Event: 0.155 Thread 0x00007f5ef000d800 Threw 0x00000007d7285e18 at /build/buildd/openjdk-7-7u71-2.5.3/build/openjdk/hotspot/src/share/vm/prims/jvm.cpp:1284
Event: 0.155 Thread 0x00007f5ef000d800 Threw 0x00000007d7286040 at /build/buildd/openjdk-7-7u71-2.5.3/build/openjdk/hotspot/src/share/vm/prims/jvm.cpp:1284
Event: 0.155 Thread 0x00007f5ef000d800 Threw 0x00000007d7286a40 at /build/buildd/openjdk-7-7u71-2.5.3/build/openjdk/hotspot/src/share/vm/prims/jvm.cpp:1284
Event: 0.155 Thread 0x00007f5ef000d800 Threw 0x00000007d7286c68 at /build/buildd/openjdk-7-7u71-2.5.3/build/openjdk/hotspot/src/share/vm/prims/jvm.cpp:1284
Event: 0.155 Thread 0x00007f5ef000d800 Threw 0x00000007d72897c8 at /build/buildd/openjdk-7-7u71-2.5.3/build/openjdk/hotspot/src/share/vm/prims/jvm.cpp:1284
Event: 0.156 Thread 0x00007f5ef000d800 Threw 0x00000007d728ab50 at /build/buildd/openjdk-7-7u71-2.5.3/build/openjdk/hotspot/src/share/vm/prims/jvm.cpp:1284
Event: 0.174 Thread 0x00007f5ef000d800 Threw 0x00000007d73e9898 at /build/buildd/openjdk-7-7u71-2.5.3/build/openjdk/hotspot/src/share/vm/prims/jvm.cpp:1284
Event: 0.174 Thread 0x00007f5ef000d800 Threw 0x00000007d73ec328 at /build/buildd/openjdk-7-7u71-2.5.3/build/openjdk/hotspot/src/share/vm/prims/jvm.cpp:1284
Event: 0.175 Thread 0x00007f5ef000d800 Threw 0x00000007d73ee530 at /build/buildd/openjdk-7-7u71-2.5.3/build/openjdk/hotspot/src/share/vm/prims/jvm.cpp:1284
Event: 0.176 Thread 0x00007f5ef000d800 Threw 0x00000007d73f0d60 at /build/buildd/openjdk-7-7u71-2.5.3/build/openjdk/hotspot/src/share/vm/interpreter/linkResolver.cpp:895

Events (10 events):
Event: 27.086 Executing VM operation: EnterInterpOnlyMode
Event: 27.086 Executing VM operation: EnterInterpOnlyMode done
Event: 27.086 Executing VM operation: GetCurrentLocation
Event: 27.086 Executing VM operation: GetCurrentLocation done
Event: 27.086 Executing VM operation: ChangeSingleStep
Event: 27.086 Executing VM operation: ChangeSingleStep done
Event: 27.087 Executing VM operation: ChangeSingleStep
Event: 27.087 Executing VM operation: ChangeSingleStep done
Event: 27.097 Executing VM operation: GetOrSetLocal
Event: 27.097 Executing VM operation: GetOrSetLocal done


Dynamic libraries:
00400000-00401000 r-xp 00000000 08:04 4345776                            /usr/lib/jvm/java-7-openjdk-amd64/jre/bin/java
00600000-00601000 r--p 00000000 08:04 4345776                            /usr/lib/jvm/java-7-openjdk-amd64/jre/bin/java
00601000-00602000 rw-p 00001000 08:04 4345776                            /usr/lib/jvm/java-7-openjdk-amd64/jre/bin/java
01c06000-01c27000 rw-p 00000000 00:00 0                                  [heap]
77b000000-77c500000 rw-p 00000000 00:00 0 
77c500000-785600000 rw-p 00000000 00:00 0 
785600000-78a780000 rw-p 00000000 00:00 0 
78a780000-7d7200000 rw-p 00000000 00:00 0 
7d7200000-7d9b00000 rw-p 00000000 00:00 0 
7d9b00000-800000000 rw-p 00000000 00:00 0 
7f5e94000000-7f5e94021000 rw-p 00000000 00:00 0 
7f5e94021000-7f5e98000000 ---p 00000000 00:00 0 
7f5e98000000-7f5e98021000 rw-p 00000000 00:00 0 
7f5e98021000-7f5e9c000000 ---p 00000000 00:00 0 
7f5e9c000000-7f5e9c0b7000 rw-p 00000000 00:00 0 
7f5e9c0b7000-7f5ea0000000 ---p 00000000 00:00 0 
7f5ea0000000-7f5ea003d000 rw-p 00000000 00:00 0 
7f5ea003d000-7f5ea4000000 ---p 00000000 00:00 0 
7f5ea4000000-7f5ea4021000 rw-p 00000000 00:00 0 
7f5ea4021000-7f5ea8000000 ---p 00000000 00:00 0 
7f5ea8000000-7f5ea8021000 rw-p 00000000 00:00 0 
7f5ea8021000-7f5eac000000 ---p 00000000 00:00 0 
7f5eac000000-7f5eac021000 rw-p 00000000 00:00 0 
7f5eac021000-7f5eb0000000 ---p 00000000 00:00 0 
7f5eb0000000-7f5eb0021000 rw-p 00000000 00:00 0 
7f5eb0021000-7f5eb4000000 ---p 00000000 00:00 0 
7f5eb4000000-7f5eb4021000 rw-p 00000000 00:00 0 
7f5eb4021000-7f5eb8000000 ---p 00000000 00:00 0 
7f5eb8000000-7f5eb8021000 rw-p 00000000 00:00 0 
7f5eb8021000-7f5ebc000000 ---p 00000000 00:00 0 
7f5ebc000000-7f5ebc021000 rw-p 00000000 00:00 0 
7f5ebc021000-7f5ec0000000 ---p 00000000 00:00 0 
7f5ec37cf000-7f5ec3930000 rw-p 00000000 00:00 0 
7f5ec3930000-7f5ec3940000 r-xp 00000000 08:04 3160756                    /usr/lib/jvm/java-7-openjdk-amd64/jre/lib/amd64/libnio.so
7f5ec3940000-7f5ec3b40000 ---p 00010000 08:04 3160756                    /usr/lib/jvm/java-7-openjdk-amd64/jre/lib/amd64/libnio.so
7f5ec3b40000-7f5ec3b41000 r--p 00010000 08:04 3160756                    /usr/lib/jvm/java-7-openjdk-amd64/jre/lib/amd64/libnio.so
7f5ec3b41000-7f5ec3b42000 rw-p 00011000 08:04 3160756                    /usr/lib/jvm/java-7-openjdk-amd64/jre/lib/amd64/libnio.so
7f5ec3b42000-7f5ec3b7f000 r-xp 00000000 08:04 2625569                    /lib/x86_64-linux-gnu/libpcre.so.3.13.1
7f5ec3b7f000-7f5ec3d7e000 ---p 0003d000 08:04 2625569                    /lib/x86_64-linux-gnu/libpcre.so.3.13.1
7f5ec3d7e000-7f5ec3d7f000 r--p 0003c000 08:04 2625569                    /lib/x86_64-linux-gnu/libpcre.so.3.13.1
7f5ec3d7f000-7f5ec3d80000 rw-p 0003d000 08:04 2625569                    /lib/x86_64-linux-gnu/libpcre.so.3.13.1
7f5ec3d80000-7f5ec8000000 rw-p 00000000 00:00 0 
7f5ec8000000-7f5ec8021000 rw-p 00000000 00:00 0 
7f5ec8021000-7f5ecc000000 ---p 00000000 00:00 0 
7f5ecc000000-7f5ecc021000 rw-p 00000000 00:00 0 
7f5ecc021000-7f5ed0000000 ---p 00000000 00:00 0 
7f5ed0000000-7f5ed0021000 rw-p 00000000 00:00 0 
7f5ed0021000-7f5ed4000000 ---p 00000000 00:00 0 
7f5ed4000000-7f5ed4021000 rw-p 00000000 00:00 0 
7f5ed4021000-7f5ed8000000 ---p 00000000 00:00 0 
7f5ed8000000-7f5ed8021000 rw-p 00000000 00:00 0 
7f5ed8021000-7f5edc000000 ---p 00000000 00:00 0 
7f5edc0c0000-7f5edc1ca000 rw-p 00000000 00:00 0 
7f5edc1ca000-7f5edc1d1000 r-xp 00000000 08:04 3023345                    /usr/lib/x86_64-linux-gnu/libffi.so.6.0.1
7f5edc1d1000-7f5edc3d0000 ---p 00007000 08:04 3023345                    /usr/lib/x86_64-linux-gnu/libffi.so.6.0.1
7f5edc3d0000-7f5edc3d1000 r--p 00006000 08:04 3023345                    /usr/lib/x86_64-linux-gnu/libffi.so.6.0.1
7f5edc3d1000-7f5edc3d2000 rw-p 00007000 08:04 3023345                    /usr/lib/x86_64-linux-gnu/libffi.so.6.0.1
7f5edc3d2000-7f5edc3e9000 r-xp 00000000 08:04 2622449                    /lib/x86_64-linux-gnu/libresolv-2.19.so
7f5edc3e9000-7f5edc5e9000 ---p 00017000 08:04 2622449                    /lib/x86_64-linux-gnu/libresolv-2.19.so
7f5edc5e9000-7f5edc5ea000 r--p 00017000 08:04 2622449                    /lib/x86_64-linux-gnu/libresolv-2.19.so
7f5edc5ea000-7f5edc5eb000 rw-p 00018000 08:04 2622449                    /lib/x86_64-linux-gnu/libresolv-2.19.so
7f5edc5eb000-7f5edc5ed000 rw-p 00000000 00:00 0 
7f5edc5ed000-7f5edc60d000 r-xp 00000000 08:04 2621445                    /lib/x86_64-linux-gnu/libselinux.so.1
7f5edc60d000-7f5edc80c000 ---p 00020000 08:04 2621445                    /lib/x86_64-linux-gnu/libselinux.so.1
7f5edc80c000-7f5edc80d000 r--p 0001f000 08:04 2621445                    /lib/x86_64-linux-gnu/libselinux.so.1
7f5edc80d000-7f5edc80e000 rw-p 00020000 08:04 2621445                    /lib/x86_64-linux-gnu/libselinux.so.1
7f5edc80e000-7f5edc810000 rw-p 00000000 00:00 0 
7f5edc810000-7f5edc813000 r-xp 00000000 08:04 3015020                    /usr/lib/x86_64-linux-gnu/libgmodule-2.0.so.0.4002.0
7f5edc813000-7f5edca12000 ---p 00003000 08:04 3015020                    /usr/lib/x86_64-linux-gnu/libgmodule-2.0.so.0.4002.0
7f5edca12000-7f5edca13000 r--p 00002000 08:04 3015020                    /usr/lib/x86_64-linux-gnu/libgmodule-2.0.so.0.4002.0
7f5edca13000-7f5edca14000 rw-p 00003000 08:04 3015020                    /usr/lib/x86_64-linux-gnu/libgmodule-2.0.so.0.4002.0
7f5edca14000-7f5edcb1a000 r-xp 00000000 08:04 2624960                    /lib/x86_64-linux-gnu/libglib-2.0.so.0.4002.0
7f5edcb1a000-7f5edcd19000 ---p 00106000 08:04 2624960                    /lib/x86_64-linux-gnu/libglib-2.0.so.0.4002.0
7f5edcd19000-7f5edcd1a000 r--p 00105000 08:04 2624960                    /lib/x86_64-linux-gnu/libglib-2.0.so.0.4002.0
7f5edcd1a000-7f5edcd1b000 rw-p 00106000 08:04 2624960                    /lib/x86_64-linux-gnu/libglib-2.0.so.0.4002.0
7f5edcd1b000-7f5edcd1c000 rw-p 00000000 00:00 0 
7f5edcd1c000-7f5edcd6b000 r-xp 00000000 08:04 3015038                    /usr/lib/x86_64-linux-gnu/libgobject-2.0.so.0.4002.0
7f5edcd6b000-7f5edcf6b000 ---p 0004f000 08:04 3015038                    /usr/lib/x86_64-linux-gnu/libgobject-2.0.so.0.4002.0
7f5edcf6b000-7f5edcf6c000 r--p 0004f000 08:04 3015038                    /usr/lib/x86_64-linux-gnu/libgobject-2.0.so.0.4002.0
7f5edcf6c000-7f5edcf6d000 rw-p 00050000 08:04 3015038                    /usr/lib/x86_64-linux-gnu/libgobject-2.0.so.0.4002.0
7f5edcf6d000-7f5edd0d9000 r-xp 00000000 08:04 3015042                    /usr/lib/x86_64-linux-gnu/libgio-2.0.so.0.4002.0
7f5edd0d9000-7f5edd2d8000 ---p 0016c000 08:04 3015042                    /usr/lib/x86_64-linux-gnu/libgio-2.0.so.0.4002.0
7f5edd2d8000-7f5edd2dc000 r--p 0016b000 08:04 3015042                    /usr/lib/x86_64-linux-gnu/libgio-2.0.so.0.4002.0
7f5edd2dc000-7f5edd2de000 rw-p 0016f000 08:04 3015042                    /usr/lib/x86_64-linux-gnu/libgio-2.0.so.0.4002.0
7f5edd2de000-7f5edd2e0000 rw-p 00000000 00:00 0 
7f5edd304000-7f5edd31b000 r-xp 00000000 08:04 3160741                    /usr/lib/jvm/java-7-openjdk-amd64/jre/lib/amd64/libnet.so
7f5edd31b000-7f5edd51a000 ---p 00017000 08:04 3160741                    /usr/lib/jvm/java-7-openjdk-amd64/jre/lib/amd64/libnet.so
7f5edd51a000-7f5edd51b000 r--p 00016000 08:04 3160741                    /usr/lib/jvm/java-7-openjdk-amd64/jre/lib/amd64/libnet.so
7f5edd51b000-7f5edd51c000 rw-p 00017000 08:04 3160741                    /usr/lib/jvm/java-7-openjdk-amd64/jre/lib/amd64/libnet.so
7f5edd51c000-7f5edd51d000 ---p 00000000 00:00 0 
7f5edd51d000-7f5edd61d000 rw-p 00000000 00:00 0                          [stack:826]
7f5edd61d000-7f5edd620000 ---p 00000000 00:00 0 
7f5edd620000-7f5edd71e000 rw-p 00000000 00:00 0                          [stack:825]
7f5edd71e000-7f5edd721000 ---p 00000000 00:00 0 
7f5edd721000-7f5edd81f000 rw-p 00000000 00:00 0                          [stack:824]
7f5edd81f000-7f5edd822000 ---p 00000000 00:00 0 
7f5edd822000-7f5edd920000 rw-p 00000000 00:00 0                          [stack:823]
7f5edd920000-7f5edd923000 ---p 00000000 00:00 0 
7f5edd923000-7f5edda21000 rw-p 00000000 00:00 0                          [stack:819]
7f5edda21000-7f5edda24000 ---p 00000000 00:00 0 
7f5edda24000-7f5eddb22000 rw-p 00000000 00:00 0                          [stack:817]
7f5eddb22000-7f5eddb25000 ---p 00000000 00:00 0 
7f5eddb25000-7f5eddc23000 rw-p 00000000 00:00 0                          [stack:815]
7f5eddc23000-7f5eddc27000 r-xp 00000000 08:04 3160747                    /usr/lib/jvm/java-7-openjdk-amd64/jre/lib/amd64/libdt_socket.so
7f5eddc27000-7f5edde26000 ---p 00004000 08:04 3160747                    /usr/lib/jvm/java-7-openjdk-amd64/jre/lib/amd64/libdt_socket.so
7f5edde26000-7f5edde27000 r--p 00003000 08:04 3160747                    /usr/lib/jvm/java-7-openjdk-amd64/jre/lib/amd64/libdt_socket.so
7f5edde27000-7f5edde28000 rw-p 00004000 08:04 3160747                    /usr/lib/jvm/java-7-openjdk-amd64/jre/lib/amd64/libdt_socket.so
7f5edde28000-7f5edde2b000 ---p 00000000 00:00 0 
7f5edde2b000-7f5eddf29000 rw-p 00000000 00:00 0                          [stack:813]
7f5eddf29000-7f5eddf2c000 ---p 00000000 00:00 0 
7f5eddf2c000-7f5ede02a000 rw-p 00000000 00:00 0                          [stack:812]
7f5ede02a000-7f5ede02d000 ---p 00000000 00:00 0 
7f5ede02d000-7f5ede12b000 rw-p 00000000 00:00 0                          [stack:807]
7f5ede12b000-7f5ede12c000 ---p 00000000 00:00 0 
7f5ede12c000-7f5edfe4f000 rw-p 00000000 00:00 0                          [stack:806]
7f5edfe4f000-7f5ee0000000 r--s 01d25000 08:04 3027847                    /usr/lib/jvm/java-7-openjdk-amd64/jre/lib/rt.jar
7f5ee0000000-7f5ee0021000 rw-p 00000000 00:00 0 
7f5ee0021000-7f5ee4000000 ---p 00000000 00:00 0 
7f5ee4000000-7f5ee4021000 rw-p 00000000 00:00 0 
7f5ee4021000-7f5ee8000000 ---p 00000000 00:00 0 
7f5ee8000000-7f5ee8021000 rw-p 00000000 00:00 0 
7f5ee8021000-7f5eec000000 ---p 00000000 00:00 0 
7f5eec000000-7f5eec56a000 rw-p 00000000 00:00 0 
7f5eec56a000-7f5eec56b000 ---p 00000000 00:00 0 
7f5eec56b000-7f5eec66b000 rw-p 00000000 00:00 0                          [stack:805]
7f5eec66b000-7f5eec66c000 ---p 00000000 00:00 0 
7f5eec66c000-7f5eec76c000 rw-p 00000000 00:00 0                          [stack:802]
7f5eec76c000-7f5eec76d000 ---p 00000000 00:00 0 
7f5eec76d000-7f5eec86d000 rw-p 00000000 00:00 0                          [stack:801]
7f5eec86d000-7f5eec86e000 ---p 00000000 00:00 0 
7f5eec86e000-7f5eec96e000 rw-p 00000000 00:00 0                          [stack:800]
7f5eec96e000-7f5eec96f000 ---p 00000000 00:00 0 
7f5eec96f000-7f5eeca6f000 rw-p 00000000 00:00 0                          [stack:799]
7f5eeca6f000-7f5eeca70000 ---p 00000000 00:00 0 
7f5eeca70000-7f5eecb70000 rw-p 00000000 00:00 0                          [stack:798]
7f5eecb70000-7f5eecb71000 ---p 00000000 00:00 0 
7f5eecb71000-7f5eecc71000 rw-p 00000000 00:00 0                          [stack:797]
7f5eecc71000-7f5eecc72000 ---p 00000000 00:00 0 
7f5eecc72000-7f5eecd9b000 rw-p 00000000 00:00 0                          [stack:796]
7f5eecd9b000-7f5eed000000 rw-p 00000000 00:00 0 
7f5eed000000-7f5eed270000 rwxp 00000000 00:00 0 
7f5eed270000-7f5ef01bb000 rw-p 00000000 00:00 0 
7f5ef01bb000-7f5ef4000000 ---p 00000000 00:00 0 
7f5ef4005000-7f5ef405b000 rw-p 00000000 00:00 0 
7f5ef405b000-7f5ef40a3000 rw-p 00000000 00:00 0 
7f5ef40a3000-7f5ef40ae000 rw-p 00000000 00:00 0 
7f5ef40ae000-7f5ef40f6000 rw-p 00000000 00:00 0 
7f5ef40f6000-7f5ef411f000 rw-p 00000000 00:00 0 
7f5ef411f000-7f5ef4384000 rw-p 00000000 00:00 0 
7f5ef4384000-7f5ef4399000 rw-p 00000000 00:00 0 
7f5ef4399000-7f5ef44cb000 rw-p 00000000 00:00 0 
7f5ef44cb000-7f5ef44cc000 rw-p 00000000 00:00 0 
7f5ef44cc000-7f5ef44d4000 r-xp 00000000 08:04 3160733                    /usr/lib/jvm/java-7-openjdk-amd64/jre/lib/amd64/libzip.so
7f5ef44d4000-7f5ef46d3000 ---p 00008000 08:04 3160733                    /usr/lib/jvm/java-7-openjdk-amd64/jre/lib/amd64/libzip.so
7f5ef46d3000-7f5ef46d4000 r--p 00007000 08:04 3160733                    /usr/lib/jvm/java-7-openjdk-amd64/jre/lib/amd64/libzip.so
7f5ef46d4000-7f5ef46d5000 rw-p 00008000 08:04 3160733                    /usr/lib/jvm/java-7-openjdk-amd64/jre/lib/amd64/libzip.so
7f5ef46d5000-7f5ef46e0000 r-xp 00000000 08:04 2622476                    /lib/x86_64-linux-gnu/libnss_files-2.19.so
7f5ef46e0000-7f5ef48df000 ---p 0000b000 08:04 2622476                    /lib/x86_64-linux-gnu/libnss_files-2.19.so
7f5ef48df000-7f5ef48e0000 r--p 0000a000 08:04 2622476                    /lib/x86_64-linux-gnu/libnss_files-2.19.so
7f5ef48e0000-7f5ef48e1000 rw-p 0000b000 08:04 2622476                    /lib/x86_64-linux-gnu/libnss_files-2.19.so
7f5ef48e1000-7f5ef48ec000 r-xp 00000000 08:04 2622491                    /lib/x86_64-linux-gnu/libnss_nis-2.19.so
7f5ef48ec000-7f5ef4aeb000 ---p 0000b000 08:04 2622491                    /lib/x86_64-linux-gnu/libnss_nis-2.19.so
7f5ef4aeb000-7f5ef4aec000 r--p 0000a000 08:04 2622491                    /lib/x86_64-linux-gnu/libnss_nis-2.19.so
7f5ef4aec000-7f5ef4aed000 rw-p 0000b000 08:04 2622491                    /lib/x86_64-linux-gnu/libnss_nis-2.19.so
7f5ef4aed000-7f5ef4b04000 r-xp 00000000 08:04 2622464                    /lib/x86_64-linux-gnu/libnsl-2.19.so
7f5ef4b04000-7f5ef4d03000 ---p 00017000 08:04 2622464                    /lib/x86_64-linux-gnu/libnsl-2.19.so
7f5ef4d03000-7f5ef4d04000 r--p 00016000 08:04 2622464                    /lib/x86_64-linux-gnu/libnsl-2.19.so
7f5ef4d04000-7f5ef4d05000 rw-p 00017000 08:04 2622464                    /lib/x86_64-linux-gnu/libnsl-2.19.so
7f5ef4d05000-7f5ef4d07000 rw-p 00000000 00:00 0 
7f5ef4d07000-7f5ef4d10000 r-xp 00000000 08:04 2622484                    /lib/x86_64-linux-gnu/libnss_compat-2.19.so
7f5ef4d10000-7f5ef4f0f000 ---p 00009000 08:04 2622484                    /lib/x86_64-linux-gnu/libnss_compat-2.19.so
7f5ef4f0f000-7f5ef4f10000 r--p 00008000 08:04 2622484                    /lib/x86_64-linux-gnu/libnss_compat-2.19.so
7f5ef4f10000-7f5ef4f11000 rw-p 00009000 08:04 2622484                    /lib/x86_64-linux-gnu/libnss_compat-2.19.so
7f5ef4f11000-7f5ef55f4000 r--p 00000000 08:04 3021907                    /usr/lib/locale/locale-archive
7f5ef55f4000-7f5ef55f7000 r-xp 00000000 08:04 3160758                    /usr/lib/jvm/java-7-openjdk-amd64/jre/lib/amd64/libnpt.so
7f5ef55f7000-7f5ef57f6000 ---p 00003000 08:04 3160758                    /usr/lib/jvm/java-7-openjdk-amd64/jre/lib/amd64/libnpt.so
7f5ef57f6000-7f5ef57f7000 r--p 00002000 08:04 3160758                    /usr/lib/jvm/java-7-openjdk-amd64/jre/lib/amd64/libnpt.so
7f5ef57f7000-7f5ef57f8000 rw-p 00003000 08:04 3160758                    /usr/lib/jvm/java-7-openjdk-amd64/jre/lib/amd64/libnpt.so
7f5ef57f8000-7f5ef5832000 r-xp 00000000 08:04 3160753                    /usr/lib/jvm/java-7-openjdk-amd64/jre/lib/amd64/libjdwp.so
7f5ef5832000-7f5ef5a31000 ---p 0003a000 08:04 3160753                    /usr/lib/jvm/java-7-openjdk-amd64/jre/lib/amd64/libjdwp.so
7f5ef5a31000-7f5ef5a32000 r--p 00039000 08:04 3160753                    /usr/lib/jvm/java-7-openjdk-amd64/jre/lib/amd64/libjdwp.so
7f5ef5a32000-7f5ef5a33000 rw-p 0003a000 08:04 3160753                    /usr/lib/jvm/java-7-openjdk-amd64/jre/lib/amd64/libjdwp.so
7f5ef5a33000-7f5ef5a5e000 r-xp 00000000 08:04 3160740                    /usr/lib/jvm/java-7-openjdk-amd64/jre/lib/amd64/libjava.so
7f5ef5a5e000-7f5ef5c5d000 ---p 0002b000 08:04 3160740                    /usr/lib/jvm/java-7-openjdk-amd64/jre/lib/amd64/libjava.so
7f5ef5c5d000-7f5ef5c5e000 r--p 0002a000 08:04 3160740                    /usr/lib/jvm/java-7-openjdk-amd64/jre/lib/amd64/libjava.so
7f5ef5c5e000-7f5ef5c60000 rw-p 0002b000 08:04 3160740                    /usr/lib/jvm/java-7-openjdk-amd64/jre/lib/amd64/libjava.so
7f5ef5c60000-7f5ef5c70000 r-xp 00000000 08:04 3160755                    /usr/lib/jvm/java-7-openjdk-amd64/jre/lib/amd64/libverify.so
7f5ef5c70000-7f5ef5e6f000 ---p 00010000 08:04 3160755                    /usr/lib/jvm/java-7-openjdk-amd64/jre/lib/amd64/libverify.so
7f5ef5e6f000-7f5ef5e71000 r--p 0000f000 08:04 3160755                    /usr/lib/jvm/java-7-openjdk-amd64/jre/lib/amd64/libverify.so
7f5ef5e71000-7f5ef5e72000 rw-p 00011000 08:04 3160755                    /usr/lib/jvm/java-7-openjdk-amd64/jre/lib/amd64/libverify.so
7f5ef5e72000-7f5ef5e79000 r-xp 00000000 08:04 2622500                    /lib/x86_64-linux-gnu/librt-2.19.so
7f5ef5e79000-7f5ef6078000 ---p 00007000 08:04 2622500                    /lib/x86_64-linux-gnu/librt-2.19.so
7f5ef6078000-7f5ef6079000 r--p 00006000 08:04 2622500                    /lib/x86_64-linux-gnu/librt-2.19.so
7f5ef6079000-7f5ef607a000 rw-p 00007000 08:04 2622500                    /lib/x86_64-linux-gnu/librt-2.19.so
7f5ef607a000-7f5ef6090000 r-xp 00000000 08:04 2622616                    /lib/x86_64-linux-gnu/libgcc_s.so.1
7f5ef6090000-7f5ef628f000 ---p 00016000 08:04 2622616                    /lib/x86_64-linux-gnu/libgcc_s.so.1
7f5ef628f000-7f5ef6290000 rw-p 00015000 08:04 2622616                    /lib/x86_64-linux-gnu/libgcc_s.so.1
7f5ef6290000-7f5ef6395000 r-xp 00000000 08:04 2622458                    /lib/x86_64-linux-gnu/libm-2.19.so
7f5ef6395000-7f5ef6594000 ---p 00105000 08:04 2622458                    /lib/x86_64-linux-gnu/libm-2.19.so
7f5ef6594000-7f5ef6595000 r--p 00104000 08:04 2622458                    /lib/x86_64-linux-gnu/libm-2.19.so
7f5ef6595000-7f5ef6596000 rw-p 00105000 08:04 2622458                    /lib/x86_64-linux-gnu/libm-2.19.so
7f5ef6596000-7f5ef667c000 r-xp 00000000 08:04 3023973                    /usr/lib/x86_64-linux-gnu/libstdc++.so.6.0.19
7f5ef667c000-7f5ef687b000 ---p 000e6000 08:04 3023973                    /usr/lib/x86_64-linux-gnu/libstdc++.so.6.0.19
7f5ef687b000-7f5ef6883000 r--p 000e5000 08:04 3023973                    /usr/lib/x86_64-linux-gnu/libstdc++.so.6.0.19
7f5ef6883000-7f5ef6885000 rw-p 000ed000 08:04 3023973                    /usr/lib/x86_64-linux-gnu/libstdc++.so.6.0.19
7f5ef6885000-7f5ef689a000 rw-p 00000000 00:00 0 
7f5ef689a000-7f5ef73b0000 r-xp 00000000 08:04 3285044                    /usr/lib/jvm/java-7-openjdk-amd64/jre/lib/amd64/server/libjvm.so
7f5ef73b0000-7f5ef75af000 ---p 00b16000 08:04 3285044                    /usr/lib/jvm/java-7-openjdk-amd64/jre/lib/amd64/server/libjvm.so
7f5ef75af000-7f5ef7649000 r--p 00b15000 08:04 3285044                    /usr/lib/jvm/java-7-openjdk-amd64/jre/lib/amd64/server/libjvm.so
7f5ef7649000-7f5ef766c000 rw-p 00baf000 08:04 3285044                    /usr/lib/jvm/java-7-openjdk-amd64/jre/lib/amd64/server/libjvm.so
7f5ef766c000-7f5ef769a000 rw-p 00000000 00:00 0 
7f5ef769a000-7f5ef76b2000 r-xp 00000000 08:04 2625629                    /lib/x86_64-linux-gnu/libz.so.1.2.8
7f5ef76b2000-7f5ef78b1000 ---p 00018000 08:04 2625629                    /lib/x86_64-linux-gnu/libz.so.1.2.8
7f5ef78b1000-7f5ef78b2000 r--p 00017000 08:04 2625629                    /lib/x86_64-linux-gnu/libz.so.1.2.8
7f5ef78b2000-7f5ef78b3000 rw-p 00018000 08:04 2625629                    /lib/x86_64-linux-gnu/libz.so.1.2.8
7f5ef78b3000-7f5ef78cc000 r-xp 00000000 08:04 2622473                    /lib/x86_64-linux-gnu/libpthread-2.19.so
7f5ef78cc000-7f5ef7acb000 ---p 00019000 08:04 2622473                    /lib/x86_64-linux-gnu/libpthread-2.19.so
7f5ef7acb000-7f5ef7acc000 r--p 00018000 08:04 2622473                    /lib/x86_64-linux-gnu/libpthread-2.19.so
7f5ef7acc000-7f5ef7acd000 rw-p 00019000 08:04 2622473                    /lib/x86_64-linux-gnu/libpthread-2.19.so
7f5ef7acd000-7f5ef7ad1000 rw-p 00000000 00:00 0 
7f5ef7ad1000-7f5ef7ad4000 r-xp 00000000 08:04 2622478                    /lib/x86_64-linux-gnu/libdl-2.19.so
7f5ef7ad4000-7f5ef7cd3000 ---p 00003000 08:04 2622478                    /lib/x86_64-linux-gnu/libdl-2.19.so
7f5ef7cd3000-7f5ef7cd4000 r--p 00002000 08:04 2622478                    /lib/x86_64-linux-gnu/libdl-2.19.so
7f5ef7cd4000-7f5ef7cd5000 rw-p 00003000 08:04 2622478                    /lib/x86_64-linux-gnu/libdl-2.19.so
7f5ef7cd5000-7f5ef7e90000 r-xp 00000000 08:04 2622495                    /lib/x86_64-linux-gnu/libc-2.19.so
7f5ef7e90000-7f5ef8090000 ---p 001bb000 08:04 2622495                    /lib/x86_64-linux-gnu/libc-2.19.so
7f5ef8090000-7f5ef8094000 r--p 001bb000 08:04 2622495                    /lib/x86_64-linux-gnu/libc-2.19.so
7f5ef8094000-7f5ef8096000 rw-p 001bf000 08:04 2622495                    /lib/x86_64-linux-gnu/libc-2.19.so
7f5ef8096000-7f5ef809b000 rw-p 00000000 00:00 0 
7f5ef809b000-7f5ef80a8000 r-xp 00000000 08:04 3160738                    /usr/lib/jvm/java-7-openjdk-amd64/jre/lib/amd64/jli/libjli.so
7f5ef80a8000-7f5ef82a7000 ---p 0000d000 08:04 3160738                    /usr/lib/jvm/java-7-openjdk-amd64/jre/lib/amd64/jli/libjli.so
7f5ef82a7000-7f5ef82a8000 r--p 0000c000 08:04 3160738                    /usr/lib/jvm/java-7-openjdk-amd64/jre/lib/amd64/jli/libjli.so
7f5ef82a8000-7f5ef82a9000 rw-p 0000d000 08:04 3160738                    /usr/lib/jvm/java-7-openjdk-amd64/jre/lib/amd64/jli/libjli.so
7f5ef82a9000-7f5ef82cc000 r-xp 00000000 08:04 2622486                    /lib/x86_64-linux-gnu/ld-2.19.so
7f5ef82d8000-7f5ef82df000 r--s 00037000 08:06 12129                      /mnt/D4FCC57DFCC559FE/Dropbox/2015/spl/assignments/Assignment3/code/Junit/junit-4.10.jar
7f5ef82df000-7f5ef82e9000 rw-p 00000000 00:00 0 
7f5ef82e9000-7f5ef839f000 rw-p 00000000 00:00 0 
7f5ef839f000-7f5ef83a2000 ---p 00000000 00:00 0 
7f5ef83a2000-7f5ef84a5000 rw-p 00000000 00:00 0                          [stack:795]
7f5ef84a9000-7f5ef84ab000 rw-p 00000000 00:00 0 
7f5ef84ab000-7f5ef84ae000 r--s 0000f000 08:04 3808976                    /usr/lib/jvm/java-7-openjdk-amd64/jre/lib/ext/icedtea-sound.jar
7f5ef84ae000-7f5ef84b0000 r--s 00006000 08:04 3415211                    /usr/share/java/java-atk-wrapper.jar
7f5ef84b0000-7f5ef84b4000 r--s 0003c000 08:04 3808978                    /usr/lib/jvm/java-7-openjdk-amd64/jre/lib/ext/sunpkcs11.jar
7f5ef84b4000-7f5ef84b6000 r--s 00012000 08:04 3808977                    /usr/lib/jvm/java-7-openjdk-amd64/jre/lib/ext/zipfs.jar
7f5ef84b6000-7f5ef84ba000 r--s 00085000 08:04 3808979                    /usr/lib/jvm/java-7-openjdk-amd64/jre/lib/ext/localedata.jar
7f5ef84ba000-7f5ef84bb000 r--s 00002000 08:04 3808981                    /usr/lib/jvm/java-7-openjdk-amd64/jre/lib/ext/dnsns.jar
7f5ef84bb000-7f5ef84bf000 r--s 00034000 08:04 3808980                    /usr/lib/jvm/java-7-openjdk-amd64/jre/lib/ext/sunjce_provider.jar
7f5ef84bf000-7f5ef84c7000 rw-s 00000000 08:04 658397                     /tmp/hsperfdata_wolverine1984/789
7f5ef84c7000-7f5ef84c8000 rw-p 00000000 00:00 0 
7f5ef84c8000-7f5ef84c9000 r--p 00000000 00:00 0 
7f5ef84c9000-7f5ef84cb000 rw-p 00000000 00:00 0 
7f5ef84cb000-7f5ef84cc000 r--p 00022000 08:04 2622486                    /lib/x86_64-linux-gnu/ld-2.19.so
7f5ef84cc000-7f5ef84cd000 rw-p 00023000 08:04 2622486                    /lib/x86_64-linux-gnu/ld-2.19.so
7f5ef84cd000-7f5ef84ce000 rw-p 00000000 00:00 0 
7fff9e4ae000-7fff9e4cf000 rw-p 00000000 00:00 0                          [stack]
7fff9e5fe000-7fff9e600000 r-xp 00000000 00:00 0                          [vdso]
ffffffffff600000-ffffffffff601000 r-xp 00000000 00:00 0                  [vsyscall]

VM Arguments:
jvm_args: -agentlib:jdwp=transport=dt_socket,suspend=y,address=localhost:49614 -Dfile.encoding=UTF-8 
java_command: spl.ass3.Driver initialData.xml AssetContentsRepairDetails.xml Assets.xml CustomerGroups.xml
Launcher Type: SUN_STANDARD

Environment Variables:
PATH=/usr/local/sbin:/usr/local/bin:/usr/sbin:/usr/bin:/sbin:/bin:/usr/games:/usr/local/games
SHELL=/bin/bash
DISPLAY=:0

Signal Handlers:
SIGSEGV: [libjvm.so+0x9495e0], sa_mask[0]=0x7ffbfeff, sa_flags=0x10000004
SIGBUS: [libjvm.so+0x9495e0], sa_mask[0]=0x7ffbfeff, sa_flags=0x10000004
SIGFPE: [libjvm.so+0x7c3410], sa_mask[0]=0x7ffbfeff, sa_flags=0x10000004
SIGPIPE: [libjvm.so+0x7c3410], sa_mask[0]=0x7ffbfeff, sa_flags=0x10000004
SIGXFSZ: [libjvm.so+0x7c3410], sa_mask[0]=0x7ffbfeff, sa_flags=0x10000004
SIGILL: [libjvm.so+0x7c3410], sa_mask[0]=0x7ffbfeff, sa_flags=0x10000004
SIGUSR1: SIG_DFL, sa_mask[0]=0x00000000, sa_flags=0x00000000
SIGUSR2: [libjvm.so+0x7c32b0], sa_mask[0]=0x00000004, sa_flags=0x10000004
SIGHUP: [libjvm.so+0x7c3490], sa_mask[0]=0x7ffbfeff, sa_flags=0x10000004
SIGINT: [libjvm.so+0x7c3490], sa_mask[0]=0x7ffbfeff, sa_flags=0x10000004
SIGTERM: [libjvm.so+0x7c3490], sa_mask[0]=0x7ffbfeff, sa_flags=0x10000004
SIGQUIT: [libjvm.so+0x7c3490], sa_mask[0]=0x7ffbfeff, sa_flags=0x10000004
SIGTRAP: SIG_DFL, sa_mask[0]=0x00000000, sa_flags=0x00000000


---------------  S Y S T E M  ---------------

OS:Ubuntu 14.04 (trusty)
uname:Linux 3.13.0-43-generic #72-Ubuntu SMP Mon Dec 8 19:35:06 UTC 2014 x86_64
libc:glibc 2.19 NPTL 2.19 
rlimit: STACK 8192k, CORE 0k, NPROC 61004, NOFILE 4096, AS infinity
load average:0.86 0.81 0.90

/proc/meminfo:
MemTotal:        8030208 kB
MemFree:          135976 kB
Buffers:         1052044 kB
Cached:          1988592 kB
SwapCached:            0 kB
Active:          4798384 kB
Inactive:        2738524 kB
Active(anon):    4098772 kB
Inactive(anon):  1090604 kB
Active(file):     699612 kB
Inactive(file):  1647920 kB
Unevictable:         276 kB
Mlocked:             276 kB
SwapTotal:       7812092 kB
SwapFree:        7812092 kB
Dirty:               292 kB
Writeback:             0 kB
AnonPages:       4495704 kB
Mapped:           542136 kB
Shmem:            692232 kB
Slab:             182012 kB
SReclaimable:     115892 kB
SUnreclaim:        66120 kB
KernelStack:        8000 kB
PageTables:        69272 kB
NFS_Unstable:          0 kB
Bounce:                0 kB
WritebackTmp:          0 kB
CommitLimit:    11827196 kB
Committed_AS:   12071264 kB
VmallocTotal:   34359738367 kB
VmallocUsed:      361300 kB
VmallocChunk:   34359364696 kB
HardwareCorrupted:     0 kB
AnonHugePages:   1044480 kB
HugePages_Total:       0
HugePages_Free:        0
HugePages_Rsvd:        0
HugePages_Surp:        0
Hugepagesize:       2048 kB
DirectMap4k:      138572 kB
DirectMap2M:     8103936 kB


CPU:total 8 (4 cores per cpu, 2 threads per core) family 6 model 58 stepping 9, cmov, cx8, fxsr, mmx, sse, sse2, sse3, ssse3, sse4.1, sse4.2, popcnt, avx, aes, erms, ht, tsc, tscinvbit, tscinv

/proc/cpuinfo:
processor	: 0
vendor_id	: GenuineIntel
cpu family	: 6
model		: 58
model name	: Intel(R) Core(TM) i7-3630QM CPU @ 2.40GHz
stepping	: 9
microcode	: 0x15
cpu MHz		: 1600.000
cache size	: 6144 KB
physical id	: 0
siblings	: 8
core id		: 0
cpu cores	: 4
apicid		: 0
initial apicid	: 0
fpu		: yes
fpu_exception	: yes
cpuid level	: 13
wp		: yes
flags		: fpu vme de pse tsc msr pae mce cx8 apic sep mtrr pge mca cmov pat pse36 clflush dts acpi mmx fxsr sse sse2 ss ht tm pbe syscall nx rdtscp lm constant_tsc arch_perfmon pebs bts rep_good nopl xtopology nonstop_tsc aperfmperf eagerfpu pni pclmulqdq dtes64 monitor ds_cpl vmx est tm2 ssse3 cx16 xtpr pdcm pcid sse4_1 sse4_2 x2apic popcnt tsc_deadline_timer aes xsave avx f16c rdrand lahf_lm ida arat epb xsaveopt pln pts dtherm tpr_shadow vnmi flexpriority ept vpid fsgsbase smep erms
bogomips	: 4789.37
clflush size	: 64
cache_alignment	: 64
address sizes	: 36 bits physical, 48 bits virtual
power management:

processor	: 1
vendor_id	: GenuineIntel
cpu family	: 6
model		: 58
model name	: Intel(R) Core(TM) i7-3630QM CPU @ 2.40GHz
stepping	: 9
microcode	: 0x15
cpu MHz		: 2000.000
cache size	: 6144 KB
physical id	: 0
siblings	: 8
core id		: 0
cpu cores	: 4
apicid		: 1
initial apicid	: 1
fpu		: yes
fpu_exception	: yes
cpuid level	: 13
wp		: yes
flags		: fpu vme de pse tsc msr pae mce cx8 apic sep mtrr pge mca cmov pat pse36 clflush dts acpi mmx fxsr sse sse2 ss ht tm pbe syscall nx rdtscp lm constant_tsc arch_perfmon pebs bts rep_good nopl xtopology nonstop_tsc aperfmperf eagerfpu pni pclmulqdq dtes64 monitor ds_cpl vmx est tm2 ssse3 cx16 xtpr pdcm pcid sse4_1 sse4_2 x2apic popcnt tsc_deadline_timer aes xsave avx f16c rdrand lahf_lm ida arat epb xsaveopt pln pts dtherm tpr_shadow vnmi flexpriority ept vpid fsgsbase smep erms
bogomips	: 4789.37
clflush size	: 64
cache_alignment	: 64
address sizes	: 36 bits physical, 48 bits virtual
power management:

processor	: 2
vendor_id	: GenuineIntel
cpu family	: 6
model		: 58
model name	: Intel(R) Core(TM) i7-3630QM CPU @ 2.40GHz
stepping	: 9
microcode	: 0x15
cpu MHz		: 1200.000
cache size	: 6144 KB
physical id	: 0
siblings	: 8
core id		: 1
cpu cores	: 4
apicid		: 2
initial apicid	: 2
fpu		: yes
fpu_exception	: yes
cpuid level	: 13
wp		: yes
flags		: fpu vme de pse tsc msr pae mce cx8 apic sep mtrr pge mca cmov pat pse36 clflush dts acpi mmx fxsr sse sse2 ss ht tm pbe syscall nx rdtscp lm constant_tsc arch_perfmon pebs bts rep_good nopl xtopology nonstop_tsc aperfmperf eagerfpu pni pclmulqdq dtes64 monitor ds_cpl vmx est tm2 ssse3 cx16 xtpr pdcm pcid sse4_1 sse4_2 x2apic popcnt tsc_deadline_timer aes xsave avx f16c rdrand lahf_lm ida arat epb xsaveopt pln pts dtherm tpr_shadow vnmi flexpriority ept vpid fsgsbase smep erms
bogomips	: 4789.37
clflush size	: 64
cache_alignment	: 64
address sizes	: 36 bits physical, 48 bits virtual
power management:

processor	: 3
vendor_id	: GenuineIntel
cpu family	: 6
model		: 58
model name	: Intel(R) Core(TM) i7-3630QM CPU @ 2.40GHz
stepping	: 9
microcode	: 0x15
cpu MHz		: 1300.000
cache size	: 6144 KB
physical id	: 0
siblings	: 8
core id		: 1
cpu cores	: 4
apicid		: 3
initial apicid	: 3
fpu		: yes
fpu_exception	: yes
cpuid level	: 13
wp		: yes
flags		: fpu vme de pse tsc msr pae mce cx8 apic sep mtrr pge mca cmov pat pse36 clflush dts acpi mmx fxsr sse sse2 ss ht tm pbe syscall nx rdtscp lm constant_tsc arch_perfmon pebs bts rep_good nopl xtopology nonstop_tsc aperfmperf eagerfpu pni pclmulqdq dtes64 monitor ds_cpl vmx est tm2 ssse3 cx16 xtpr pdcm pcid sse4_1 sse4_2 x2apic popcnt tsc_deadline_timer aes xsave avx f16c rdrand lahf_lm ida arat epb xsaveopt pln pts dtherm tpr_shadow vnmi flexpriority ept vpid fsgsbase smep erms
bogomips	: 4789.37
clflush size	: 64
cache_alignment	: 64
address sizes	: 36 bits physical, 48 bits virtual
power management:

processor	: 4
vendor_id	: GenuineIntel
cpu family	: 6
model		: 58
model name	: Intel(R) Core(TM) i7-3630QM CPU @ 2.40GHz
stepping	: 9
microcode	: 0x15
cpu MHz		: 1200.000
cache size	: 6144 KB
physical id	: 0
siblings	: 8
core id		: 2
cpu cores	: 4
apicid		: 4
initial apicid	: 4
fpu		: yes
fpu_exception	: yes
cpuid level	: 13
wp		: yes
flags		: fpu vme de pse tsc msr pae mce cx8 apic sep mtrr pge mca cmov pat pse36 clflush dts acpi mmx fxsr sse sse2 ss ht tm pbe syscall nx rdtscp lm constant_tsc arch_perfmon pebs bts rep_good nopl xtopology nonstop_tsc aperfmperf eagerfpu pni pclmulqdq dtes64 monitor ds_cpl vmx est tm2 ssse3 cx16 xtpr pdcm pcid sse4_1 sse4_2 x2apic popcnt tsc_deadline_timer aes xsave avx f16c rdrand lahf_lm ida arat epb xsaveopt pln pts dtherm tpr_shadow vnmi flexpriority ept vpid fsgsbase smep erms
bogomips	: 4789.37
clflush size	: 64
cache_alignment	: 64
address sizes	: 36 bits physical, 48 bits virtual
power management:

processor	: 5
vendor_id	: GenuineIntel
cpu family	: 6
model		: 58
model name	: Intel(R) Core(TM) i7-3630QM CPU @ 2.40GHz
stepping	: 9
microcode	: 0x15
cpu MHz		: 1200.000
cache size	: 6144 KB
physical id	: 0
siblings	: 8
core id		: 2
cpu cores	: 4
apicid		: 5
initial apicid	: 5
fpu		: yes
fpu_exception	: yes
cpuid level	: 13
wp		: yes
flags		: fpu vme de pse tsc msr pae mce cx8 apic sep mtrr pge mca cmov pat pse36 clflush dts acpi mmx fxsr sse sse2 ss ht tm pbe syscall nx rdtscp lm constant_tsc arch_perfmon pebs bts rep_good nopl xtopology nonstop_tsc aperfmperf eagerfpu pni pclmulqdq dtes64 monitor ds_cpl vmx est tm2 ssse3 cx16 xtpr pdcm pcid sse4_1 sse4_2 x2apic popcnt tsc_deadline_timer aes xsave avx f16c rdrand lahf_lm ida arat epb xsaveopt pln pts dtherm tpr_shadow vnmi flexpriority ept vpid fsgsbase smep erms
bogomips	: 4789.37
clflush size	: 64
cache_alignment	: 64
address sizes	: 36 bits physical, 48 bits virtual
power management:

processor	: 6
vendor_id	: GenuineIntel
cpu family	: 6
model		: 58
model name	: Intel(R) Core(TM) i7-3630QM CPU @ 2.40GHz
stepping	: 9
microcode	: 0x15
cpu MHz		: 1500.000
cache size	: 6144 KB
physical id	: 0
siblings	: 8
core id		: 3
cpu cores	: 4
apicid		: 6
initial apicid	: 6
fpu		: yes
fpu_exception	: yes
cpuid level	: 13
wp		: yes
flags		: fpu vme de pse tsc msr pae mce cx8 apic sep mtrr pge mca cmov pat pse36 clflush dts acpi mmx fxsr sse sse2 ss ht tm pbe syscall nx rdtscp lm constant_tsc arch_perfmon pebs bts rep_good nopl xtopology nonstop_tsc aperfmperf eagerfpu pni pclmulqdq dtes64 monitor ds_cpl vmx est tm2 ssse3 cx16 xtpr pdcm pcid sse4_1 sse4_2 x2apic popcnt tsc_deadline_timer aes xsave avx f16c rdrand lahf_lm ida arat epb xsaveopt pln pts dtherm tpr_shadow vnmi flexpriority ept vpid fsgsbase smep erms
bogomips	: 4789.37
clflush size	: 64
cache_alignment	: 64
address sizes	: 36 bits physical, 48 bits virtual
power management:

processor	: 7
vendor_id	: GenuineIntel
cpu family	: 6
model		: 58
model name	: Intel(R) Core(TM) i7-3630QM CPU @ 2.40GHz
stepping	: 9
microcode	: 0x15
cpu MHz		: 1200.000
cache size	: 6144 KB
physical id	: 0
siblings	: 8
core id		: 3
cpu cores	: 4
apicid		: 7
initial apicid	: 7
fpu		: yes
fpu_exception	: yes
cpuid level	: 13
wp		: yes
flags		: fpu vme de pse tsc msr pae mce cx8 apic sep mtrr pge mca cmov pat pse36 clflush dts acpi mmx fxsr sse sse2 ss ht tm pbe syscall nx rdtscp lm constant_tsc arch_perfmon pebs bts rep_good nopl xtopology nonstop_tsc aperfmperf eagerfpu pni pclmulqdq dtes64 monitor ds_cpl vmx est tm2 ssse3 cx16 xtpr pdcm pcid sse4_1 sse4_2 x2apic popcnt tsc_deadline_timer aes xsave avx f16c rdrand lahf_lm ida arat epb xsaveopt pln pts dtherm tpr_shadow vnmi flexpriority ept vpid fsgsbase smep erms
bogomips	: 4789.37
clflush size	: 64
cache_alignment	: 64
address sizes	: 36 bits physical, 48 bits virtual
power management:



Memory: 4k page, physical 8030208k(135728k free), swap 7812092k(7812092k free)

vm_info: OpenJDK 64-Bit Server VM (24.65-b04) for linux-amd64 JRE (1.7.0_65-b32), built on Oct 22 2014 04:37:44 by "buildd" with gcc 4.8.2

time: Fri Jan  2 13:09:48 2015
elapsed time: 27 seconds

